#
# There is insufficient memory for the Java Runtime Environment to continue.
# Native memory allocation (malloc) failed to allocate 1209504 bytes for Chunk::new
# Possible reasons:
#   The system is out of physical RAM or swap space
#   In 32 bit mode, the process size limit was hit
# Possible solutions:
#   Reduce memory load on the system
#   Increase physical memory or swap space
#   Check if swap backing store is full
#   Use 64 bit Java on a 64 bit OS
#   Decrease Java heap size (-Xmx/-Xms)
#   Decrease number of Java threads
#   Decrease Java thread stack sizes (-Xss)
#   Set larger code cache with -XX:ReservedCodeCacheSize=
# This output file may be truncated or incomplete.
#
#  Out of Memory Error (allocation.cpp:390), pid=1600, tid=0x0000000000001fc4
#
# JRE version: OpenJDK Runtime Environment (8.0_112-b06) (build 1.8.0_112-release-b06)
# Java VM: OpenJDK 64-Bit Server VM (25.112-b06 mixed mode windows-amd64 compressed oops)
# Failed to write core dump. Minidumps are not enabled by default on client versions of Windows
#

---------------  T H R E A D  ---------------

Current thread (0x0000000056565800):  JavaThread "C2 CompilerThread1" daemon [_thread_in_native, id=8132, stack(0x0000000057ac0000,0x0000000057bc0000)]

Stack: [0x0000000057ac0000,0x0000000057bc0000]
[error occurred during error reporting (printing stack bounds), id 0xc0000005]

Native frames: (J=compiled Java code, j=interpreted, Vv=VM code, C=native code)


Current CompileTask:
C2: 694262 14437       4       org.gradle.internal.component.external.model.AbstractModuleComponentResolveMetadata::populateConfigurationFromDescriptor (270 bytes)


---------------  P R O C E S S  ---------------

Java Threads: ( => current thread )
  0x000000005b51a000 JavaThread "Stdin handler" [_thread_blocked, id=5896, stack(0x0000000061360000,0x0000000061460000)]
  0x000000005b519000 JavaThread "Asynchronous log dispatcher for DefaultDaemonConnection: socket connection from /127.0.0.1:55682 to /127.0.0.1:56018" [_thread_blocked, id=4236, stack(0x000000005ae60000,0x000000005af60000)]
  0x000000005b512800 JavaThread "Daemon worker Thread 4" [_thread_in_native, id=6384, stack(0x000000005ad40000,0x000000005ae40000)]
  0x000000005b516000 JavaThread "Cancel handler" [_thread_blocked, id=2556, stack(0x000000005ac20000,0x000000005ad20000)]
  0x000000005b50e800 JavaThread "Handler for socket connection from /127.0.0.1:55682 to /127.0.0.1:56018" [_thread_in_native, id=3872, stack(0x000000005aa00000,0x000000005ab00000)]
  0x000000005b514800 JavaThread "Daemon Thread 4" [_thread_blocked, id=1376, stack(0x0000000059080000,0x0000000059180000)]
  0x000000005ff55000 JavaThread "pool-7-thread-2" [_thread_blocked, id=7680, stack(0x0000000064320000,0x0000000064420000)]
  0x000000005ff53800 JavaThread "pool-7-thread-1" [_thread_blocked, id=6268, stack(0x00000000614e0000,0x00000000615e0000)]
  0x000000005b514000 JavaThread "pool-2-thread-1" [_thread_blocked, id=7260, stack(0x00000000609f0000,0x0000000060af0000)]
  0x000000005b9cf000 JavaThread "File lock request listener" [_thread_in_native, id=6796, stack(0x0000000057780000,0x0000000057880000)]
  0x00000000598a7800 JavaThread "pool-1-thread-1" [_thread_blocked, id=6324, stack(0x000000005a870000,0x000000005a970000)]
  0x0000000059d83800 JavaThread "Incoming local TCP Connector on port 55682" [_thread_in_native, id=6368, stack(0x0000000057550000,0x0000000057650000)]
  0x000000005803a000 JavaThread "Service Thread" daemon [_thread_blocked, id=7348, stack(0x0000000058530000,0x0000000058630000)]
  0x0000000056566800 JavaThread "C1 CompilerThread2" daemon [_thread_blocked, id=3912, stack(0x0000000057ed0000,0x0000000057fd0000)]
=>0x0000000056565800 JavaThread "C2 CompilerThread1" daemon [_thread_in_native, id=8132, stack(0x0000000057ac0000,0x0000000057bc0000)]
  0x000000005655e800 JavaThread "C2 CompilerThread0" daemon [_thread_in_native, id=2596, stack(0x0000000057d60000,0x0000000057e60000)]
  0x000000005656c800 JavaThread "Attach Listener" daemon [_thread_blocked, id=7496, stack(0x0000000057c10000,0x0000000057d10000)]
  0x000000005656b000 JavaThread "Signal Dispatcher" daemon [_thread_blocked, id=7488, stack(0x00000000579a0000,0x0000000057aa0000)]
  0x0000000056547000 JavaThread "Finalizer" daemon [_thread_blocked, id=2508, stack(0x0000000057880000,0x0000000057980000)]
  0x0000000056500000 JavaThread "Reference Handler" daemon [_thread_blocked, id=7484, stack(0x0000000057680000,0x0000000057780000)]
  0x00000000022ad800 JavaThread "main" [_thread_blocked, id=7844, stack(0x0000000002530000,0x0000000002630000)]

Other Threads:
  0x00000000564f8800 VMThread [stack: 0x0000000057420000,0x0000000057520000] [id=5752]
  0x000000005803f000 WatcherThread [stack: 0x0000000058720000,0x0000000058820000] [id=4620]

VM state:not at safepoint (normal execution)

VM Mutex/Monitor currently owned by a thread: None

Heap:
 PSYoungGen      total 337920K, used 177406K [0x00000000e0000000, 0x00000000f6580000, 0x0000000100000000)
  eden space 326144K, 51% used [0x00000000e0000000,0x00000000ea3d0ce0,0x00000000f3e80000)
  from space 11776K, 82% used [0x00000000f5a00000,0x00000000f636ee70,0x00000000f6580000)
  to   space 19968K, 0% used [0x00000000f3e80000,0x00000000f3e80000,0x00000000f5200000)
 ParOldGen       total 102400K, used 59848K [0x00000000a0000000, 0x00000000a6400000, 0x00000000e0000000)
  object space 102400K, 58% used [0x00000000a0000000,0x00000000a3a72340,0x00000000a6400000)
 Metaspace       used 70114K, capacity 73643K, committed 73816K, reserved 1114112K
  class space    used 9157K, capacity 9778K, committed 9816K, reserved 1048576K

Card table byte_map: [0x0000000011cc0000,0x0000000011fd0000] byte_map_base: 0x00000000117c0000

Marking Bits: (ParMarkBitMap*) 0x000000005f2118f0
 Begin Bits: [0x0000000012870000, 0x0000000014070000)
 End Bits:   [0x0000000014070000, 0x0000000015870000)

Polling page: 0x0000000000240000

CodeCache: size=245760Kb used=39998Kb max_used=39998Kb free=205761Kb
 bounds [0x0000000002900000, 0x0000000005050000, 0x0000000011900000]
 total_blobs=12787 nmethods=11991 adapters=707
 compilation: enabled

Compilation events (10 events):
Event: 693.951 Thread 0x0000000056566800 14522       3       org.gradle.api.internal.project.taskfactory.DefaultTaskClassValidatorExtractor$TypeEntry::<init> (15 bytes)
Event: 693.951 Thread 0x0000000056566800 nmethod 14522 0x000000000503e990 code [0x000000000503eae0, 0x000000000503ecb0]
Event: 693.951 Thread 0x0000000056566800 14521       3       org.gradle.api.internal.project.taskfactory.DefaultTaskClassInfoStore$2::<init> (20 bytes)
Event: 693.952 Thread 0x0000000056566800 nmethod 14521 0x000000000503ed50 code [0x000000000503eea0, 0x000000000503f090]
Event: 693.954 Thread 0x0000000056566800 14523       2       org.gradle.model.internal.registry.DefaultModelRegistry$TransitionNodeToState::calculateDependencies (112 bytes)
Event: 693.956 Thread 0x0000000056566800 nmethod 14523 0x000000000503f150 code [0x000000000503f380, 0x000000000503fca8]
Event: 693.956 Thread 0x0000000056566800 14524       3       org.gradle.model.internal.registry.DefaultModelRegistry$TransitionDependents::<init> (16 bytes)
Event: 693.956 Thread 0x0000000056566800 nmethod 14524 0x0000000005040550 code [0x00000000050406c0, 0x0000000005040970]
Event: 693.956 Thread 0x0000000056566800 14525       1       org.gradle.model.internal.method.WeaklyTypeReferencingMethod::getModifiers (5 bytes)
Event: 693.956 Thread 0x0000000056566800 nmethod 14525 0x0000000005040a90 code [0x0000000005040be0, 0x0000000005040cf0]

GC Heap History (10 events):
Event: 115.471 GC heap before
{Heap before GC invocations=17 (full 3):
 PSYoungGen      total 215040K, used 4288K [0x00000000e0000000, 0x00000000eea80000, 0x0000000100000000)
  eden space 202240K, 0% used [0x00000000e0000000,0x00000000e0000000,0x00000000ec580000)
  from space 12800K, 33% used [0x00000000ede00000,0x00000000ee230000,0x00000000eea80000)
  to   space 18944K, 0% used [0x00000000ec580000,0x00000000ec580000,0x00000000ed800000)
 ParOldGen       total 61952K, used 48328K [0x00000000a0000000, 0x00000000a3c80000, 0x00000000e0000000)
  object space 61952K, 78% used [0x00000000a0000000,0x00000000a2f322f8,0x00000000a3c80000)
 Metaspace       used 56447K, capacity 58913K, committed 59028K, reserved 1099776K
  class space    used 7629K, capacity 8152K, committed 8152K, reserved 1048576K
Event: 115.932 GC heap after
Heap after GC invocations=17 (full 3):
 PSYoungGen      total 215040K, used 0K [0x00000000e0000000, 0x00000000eea80000, 0x0000000100000000)
  eden space 202240K, 0% used [0x00000000e0000000,0x00000000e0000000,0x00000000ec580000)
  from space 12800K, 0% used [0x00000000ede00000,0x00000000ede00000,0x00000000eea80000)
  to   space 18944K, 0% used [0x00000000ec580000,0x00000000ec580000,0x00000000ed800000)
 ParOldGen       total 102400K, used 42198K [0x00000000a0000000, 0x00000000a6400000, 0x00000000e0000000)
  object space 102400K, 41% used [0x00000000a0000000,0x00000000a2935a70,0x00000000a6400000)
 Metaspace       used 56447K, capacity 58913K, committed 59028K, reserved 1099776K
  class space    used 7629K, capacity 8152K, committed 8152K, reserved 1048576K
}
Event: 354.218 GC heap before
{Heap before GC invocations=18 (full 3):
 PSYoungGen      total 215040K, used 202240K [0x00000000e0000000, 0x00000000eea80000, 0x0000000100000000)
  eden space 202240K, 100% used [0x00000000e0000000,0x00000000ec580000,0x00000000ec580000)
  from space 12800K, 0% used [0x00000000ede00000,0x00000000ede00000,0x00000000eea80000)
  to   space 18944K, 0% used [0x00000000ec580000,0x00000000ec580000,0x00000000ed800000)
 ParOldGen       total 102400K, used 42198K [0x00000000a0000000, 0x00000000a6400000, 0x00000000e0000000)
  object space 102400K, 41% used [0x00000000a0000000,0x00000000a2935a70,0x00000000a6400000)
 Metaspace       used 58655K, capacity 61467K, committed 61656K, reserved 1101824K
  class space    used 7851K, capacity 8405K, committed 8408K, reserved 1048576K
Event: 354.240 GC heap after
Heap after GC invocations=18 (full 3):
 PSYoungGen      total 221184K, used 15974K [0x00000000e0000000, 0x00000000f3500000, 0x0000000100000000)
  eden space 202240K, 0% used [0x00000000e0000000,0x00000000e0000000,0x00000000ec580000)
  from space 18944K, 84% used [0x00000000ec580000,0x00000000ed519930,0x00000000ed800000)
  to   space 20480K, 0% used [0x00000000f2100000,0x00000000f2100000,0x00000000f3500000)
 ParOldGen       total 102400K, used 42206K [0x00000000a0000000, 0x00000000a6400000, 0x00000000e0000000)
  object space 102400K, 41% used [0x00000000a0000000,0x00000000a2937a70,0x00000000a6400000)
 Metaspace       used 58655K, capacity 61467K, committed 61656K, reserved 1101824K
  class space    used 7851K, capacity 8405K, committed 8408K, reserved 1048576K
}
Event: 377.269 GC heap before
{Heap before GC invocations=19 (full 3):
 PSYoungGen      total 221184K, used 216895K [0x00000000e0000000, 0x00000000f3500000, 0x0000000100000000)
  eden space 202240K, 99% used [0x00000000e0000000,0x00000000ec436518,0x00000000ec580000)
  from space 18944K, 84% used [0x00000000ec580000,0x00000000ed519930,0x00000000ed800000)
  to   space 20480K, 0% used [0x00000000f2100000,0x00000000f2100000,0x00000000f3500000)
 ParOldGen       total 102400K, used 42206K [0x00000000a0000000, 0x00000000a6400000, 0x00000000e0000000)
  object space 102400K, 41% used [0x00000000a0000000,0x00000000a2937a70,0x00000000a6400000)
 Metaspace       used 68090K, capacity 71099K, committed 71256K, reserved 1112064K
  class space    used 8924K, capacity 9518K, committed 9560K, reserved 1048576K
Event: 377.294 GC heap after
Heap after GC invocations=19 (full 3):
 PSYoungGen      total 280576K, used 13227K [0x00000000e0000000, 0x00000000f2e00000, 0x0000000100000000)
  eden space 267264K, 0% used [0x00000000e0000000,0x00000000e0000000,0x00000000f0500000)
  from space 13312K, 99% used [0x00000000f2100000,0x00000000f2deaf40,0x00000000f2e00000)
  to   space 20992K, 0% used [0x00000000f0500000,0x00000000f0500000,0x00000000f1980000)
 ParOldGen       total 102400K, used 49646K [0x00000000a0000000, 0x00000000a6400000, 0x00000000e0000000)
  object space 102400K, 48% used [0x00000000a0000000,0x00000000a307b8e0,0x00000000a6400000)
 Metaspace       used 68090K, capacity 71099K, committed 71256K, reserved 1112064K
  class space    used 8924K, capacity 9518K, committed 9560K, reserved 1048576K
}
Event: 378.055 GC heap before
{Heap before GC invocations=20 (full 3):
 PSYoungGen      total 280576K, used 279887K [0x00000000e0000000, 0x00000000f2e00000, 0x0000000100000000)
  eden space 267264K, 99% used [0x00000000e0000000,0x00000000f0468dc0,0x00000000f0500000)
  from space 13312K, 99% used [0x00000000f2100000,0x00000000f2deaf40,0x00000000f2e00000)
  to   space 20992K, 0% used [0x00000000f0500000,0x00000000f0500000,0x00000000f1980000)
 ParOldGen       total 102400K, used 49646K [0x00000000a0000000, 0x00000000a6400000, 0x00000000e0000000)
  object space 102400K, 48% used [0x00000000a0000000,0x00000000a307b8e0,0x00000000a6400000)
 Metaspace       used 68888K, capacity 71991K, committed 72152K, reserved 1112064K
  class space    used 9044K, capacity 9636K, committed 9688K, reserved 1048576K
Event: 378.090 GC heap after
Heap after GC invocations=20 (full 3):
 PSYoungGen      total 288256K, used 4210K [0x00000000e0000000, 0x00000000f6e80000, 0x0000000100000000)
  eden space 267264K, 0% used [0x00000000e0000000,0x00000000e0000000,0x00000000f0500000)
  from space 20992K, 20% used [0x00000000f0500000,0x00000000f091ca20,0x00000000f1980000)
  to   space 20992K, 0% used [0x00000000f5a00000,0x00000000f5a00000,0x00000000f6e80000)
 ParOldGen       total 102400K, used 56358K [0x00000000a0000000, 0x00000000a6400000, 0x00000000e0000000)
  object space 102400K, 55% used [0x00000000a0000000,0x00000000a3709920,0x00000000a6400000)
 Metaspace       used 68888K, capacity 71991K, committed 72152K, reserved 1112064K
  class space    used 9044K, capacity 9636K, committed 9688K, reserved 1048576K
}
Event: 573.223 GC heap before
{Heap before GC invocations=21 (full 3):
 PSYoungGen      total 288256K, used 271474K [0x00000000e0000000, 0x00000000f6e80000, 0x0000000100000000)
  eden space 267264K, 100% used [0x00000000e0000000,0x00000000f0500000,0x00000000f0500000)
  from space 20992K, 20% used [0x00000000f0500000,0x00000000f091ca20,0x00000000f1980000)
  to   space 20992K, 0% used [0x00000000f5a00000,0x00000000f5a00000,0x00000000f6e80000)
 ParOldGen       total 102400K, used 56358K [0x00000000a0000000, 0x00000000a6400000, 0x00000000e0000000)
  object space 102400K, 55% used [0x00000000a0000000,0x00000000a3709920,0x00000000a6400000)
 Metaspace       used 69843K, capacity 73187K, committed 73304K, reserved 1112064K
  class space    used 9133K, capacity 9724K, committed 9816K, reserved 1048576K
Event: 573.239 GC heap after
Heap after GC invocations=21 (full 3):
 PSYoungGen      total 337920K, used 9659K [0x00000000e0000000, 0x00000000f6580000, 0x0000000100000000)
  eden space 326144K, 0% used [0x00000000e0000000,0x00000000e0000000,0x00000000f3e80000)
  from space 11776K, 82% used [0x00000000f5a00000,0x00000000f636ee70,0x00000000f6580000)
  to   space 19968K, 0% used [0x00000000f3e80000,0x00000000f3e80000,0x00000000f5200000)
 ParOldGen       total 102400K, used 59848K [0x00000000a0000000, 0x00000000a6400000, 0x00000000e0000000)
  object space 102400K, 58% used [0x00000000a0000000,0x00000000a3a72340,0x00000000a6400000)
 Metaspace       used 69843K, capacity 73187K, committed 73304K, reserved 1112064K
  class space    used 9133K, capacity 9724K, committed 9816K, reserved 1048576K
}

Deoptimization events (10 events):
Event: 578.503 Thread 0x000000005ff52800 Uncommon trap: reason=bimorphic action=maybe_recompile pc=0x0000000004718738 method=sun.nio.cs.StreamEncoder.writeBytes()V @ 120
Event: 578.551 Thread 0x000000005ff52800 Uncommon trap: reason=bimorphic action=maybe_recompile pc=0x0000000004718738 method=sun.nio.cs.StreamEncoder.writeBytes()V @ 120
Event: 578.601 Thread 0x000000005ff52800 Uncommon trap: reason=bimorphic action=maybe_recompile pc=0x0000000004718738 method=sun.nio.cs.StreamEncoder.writeBytes()V @ 120
Event: 578.648 Thread 0x000000005ff52800 Uncommon trap: reason=bimorphic action=maybe_recompile pc=0x0000000004718738 method=sun.nio.cs.StreamEncoder.writeBytes()V @ 120
Event: 583.179 Thread 0x000000005b50e800 Uncommon trap: reason=null_check action=make_not_entrant pc=0x0000000003fee6c8 method=java.lang.ThreadLocal$ThreadLocalMap.set(Ljava/lang/ThreadLocal;Ljava/lang/Object;)V @ 36
Event: 592.916 Thread 0x000000005b50e800 Uncommon trap: reason=class_check action=maybe_recompile pc=0x0000000003e59104 method=java.util.HashMap.removeNode(ILjava/lang/Object;Ljava/lang/Object;ZZ)Ljava/util/HashMap$Node; @ 143
Event: 592.916 Thread 0x000000005b50e800 Uncommon trap: reason=class_check action=maybe_recompile pc=0x0000000003dba71c method=java.util.HashMap.removeNode(ILjava/lang/Object;Ljava/lang/Object;ZZ)Ljava/util/HashMap$Node; @ 143
Event: 593.559 Thread 0x000000005b50e800 Uncommon trap: reason=bimorphic action=maybe_recompile pc=0x0000000002dcbd68 method=java.util.AbstractList$Itr.next()Ljava/lang/Object; @ 14
Event: 593.560 Thread 0x000000005b50e800 Uncommon trap: reason=bimorphic action=maybe_recompile pc=0x0000000003e6e234 method=java.util.WeakHashMap.eq(Ljava/lang/Object;Ljava/lang/Object;)Z @ 7
Event: 593.601 Thread 0x000000005b50e800 Uncommon trap: reason=bimorphic action=maybe_recompile pc=0x0000000003e6e234 method=java.util.WeakHashMap.eq(Ljava/lang/Object;Ljava/lang/Object;)Z @ 7

Internal exceptions (10 events):
Event: 693.180 Thread 0x000000005b512800 Exception <a 'sun/nio/fs/WindowsException'> (0x00000000e9530510) thrown at [C:\src\android\AOSP-openjdk\external\jetbrains\jdk\hotspot\src\share\vm\prims\jni.cpp, line 709]
Event: 693.180 Thread 0x000000005b512800 Exception <a 'sun/nio/fs/WindowsException'> (0x00000000e95311a8) thrown at [C:\src\android\AOSP-openjdk\external\jetbrains\jdk\hotspot\src\share\vm\prims\jni.cpp, line 709]
Event: 693.216 Thread 0x000000005b512800 Exception <a 'sun/nio/fs/WindowsException'> (0x00000000e95361c8) thrown at [C:\src\android\AOSP-openjdk\external\jetbrains\jdk\hotspot\src\share\vm\prims\jni.cpp, line 709]
Event: 693.216 Thread 0x000000005b512800 Exception <a 'sun/nio/fs/WindowsException'> (0x00000000e9536e68) thrown at [C:\src\android\AOSP-openjdk\external\jetbrains\jdk\hotspot\src\share\vm\prims\jni.cpp, line 709]
Event: 693.216 Thread 0x000000005b512800 Exception <a 'sun/nio/fs/WindowsException'> (0x00000000e9538b48) thrown at [C:\src\android\AOSP-openjdk\external\jetbrains\jdk\hotspot\src\share\vm\prims\jni.cpp, line 709]
Event: 693.216 Thread 0x000000005b512800 Exception <a 'sun/nio/fs/WindowsException'> (0x00000000e9539820) thrown at [C:\src\android\AOSP-openjdk\external\jetbrains\jdk\hotspot\src\share\vm\prims\jni.cpp, line 709]
Event: 693.216 Thread 0x000000005b512800 Exception <a 'sun/nio/fs/WindowsException'> (0x00000000e953c678) thrown at [C:\src\android\AOSP-openjdk\external\jetbrains\jdk\hotspot\src\share\vm\prims\jni.cpp, line 709]
Event: 693.216 Thread 0x000000005b512800 Exception <a 'sun/nio/fs/WindowsException'> (0x00000000e953d388) thrown at [C:\src\android\AOSP-openjdk\external\jetbrains\jdk\hotspot\src\share\vm\prims\jni.cpp, line 709]
Event: 693.217 Thread 0x000000005b512800 Exception <a 'sun/nio/fs/WindowsException'> (0x00000000e953f0e0) thrown at [C:\src\android\AOSP-openjdk\external\jetbrains\jdk\hotspot\src\share\vm\prims\jni.cpp, line 709]
Event: 693.217 Thread 0x000000005b512800 Exception <a 'sun/nio/fs/WindowsException'> (0x00000000e953fe28) thrown at [C:\src\android\AOSP-openjdk\external\jetbrains\jdk\hotspot\src\share\vm\prims\jni.cpp, line 709]

Events (10 events):
Event: 693.718 Thread 0x0000000056566800 flushing nmethod 0x0000000004551d90
Event: 693.718 Thread 0x0000000056566800 flushing nmethod 0x0000000004585590
Event: 693.718 Thread 0x0000000056566800 flushing nmethod 0x000000000458b010
Event: 693.718 Thread 0x0000000056566800 flushing nmethod 0x0000000004595a90
Event: 693.718 Thread 0x0000000056566800 flushing nmethod 0x0000000004595f10
Event: 693.718 Thread 0x0000000056566800 flushing nmethod 0x00000000045a7e50
Event: 693.718 Thread 0x0000000056566800 flushing nmethod 0x00000000045ed910
Event: 693.718 Thread 0x0000000056566800 flushing nmethod 0x00000000045ee6d0
Event: 693.718 Thread 0x0000000056566800 flushing nmethod 0x00000000045fb610
Event: 693.719 Thread 0x0000000056566800 flushing nmethod 0x0000000004718110


Dynamic libraries:
0x000000013fbb0000 - 0x000000013fbe1000 	C:\Program Files\Android\Android Studio\jre\bin\java.exe
0x0000000077160000 - 0x000000007730a000 	C:\Windows\SYSTEM32\ntdll.dll
0x0000000076f40000 - 0x000000007705f000 	C:\Windows\system32\kernel32.dll
0x000007fefce70000 - 0x000007fefceda000 	C:\Windows\system32\KERNELBASE.dll
0x000007fefeab0000 - 0x000007fefeb8b000 	C:\Windows\system32\ADVAPI32.dll
0x000007feff3d0000 - 0x000007feff46f000 	C:\Windows\system32\msvcrt.dll
0x000007fefeda0000 - 0x000007fefedbf000 	C:\Windows\SYSTEM32\sechost.dll
0x000007fefdfa0000 - 0x000007fefe0cd000 	C:\Windows\system32\RPCRT4.dll
0x0000000077060000 - 0x000000007715a000 	C:\Windows\system32\USER32.dll
0x000007fefea40000 - 0x000007fefeaa7000 	C:\Windows\system32\GDI32.dll
0x000007fefe1a0000 - 0x000007fefe1ae000 	C:\Windows\system32\LPK.dll
0x000007fefe0d0000 - 0x000007fefe19b000 	C:\Windows\system32\USP10.dll
0x000007fefb410000 - 0x000007fefb604000 	C:\Windows\WinSxS\amd64_microsoft.windows.common-controls_6595b64144ccf1df_6.0.7601.18837_none_fa3b1e3d17594757\COMCTL32.dll
0x000007fefe920000 - 0x000007fefe991000 	C:\Windows\system32\SHLWAPI.dll
0x000007fefcc50000 - 0x000007fefcca7000 	C:\Windows\system32\apphelp.dll
0x000007fef82f0000 - 0x000007fef8341000 	C:\Windows\AppPatch\AppPatch64\AcGenral.DLL
0x000007fefcc20000 - 0x000007fefcc45000 	C:\Windows\system32\SspiCli.dll
0x000007feff090000 - 0x000007feff28c000 	C:\Windows\system32\ole32.dll
0x000007fefd210000 - 0x000007fefdf9b000 	C:\Windows\system32\SHELL32.dll
0x0000000071840000 - 0x0000000071843000 	C:\Windows\system32\sfc.dll
0x000007fefb1a0000 - 0x000007fefb1b0000 	C:\Windows\system32\sfc_os.DLL
0x000007fefd0b0000 - 0x000007fefd0ce000 	C:\Windows\system32\USERENV.dll
0x000007fefce50000 - 0x000007fefce5f000 	C:\Windows\system32\profapi.dll
0x000007fefac60000 - 0x000007fefac78000 	C:\Windows\system32\dwmapi.dll
0x000007fef8da0000 - 0x000007fef8db8000 	C:\Windows\system32\MPR.dll
0x000007fefeb90000 - 0x000007fefebbe000 	C:\Windows\system32\IMM32.DLL
0x000007fefe440000 - 0x000007fefe549000 	C:\Windows\system32\MSCTF.dll
0x000007fefcd90000 - 0x000007fefcdc0000 	C:\Windows\system32\nvinitx.dll
0x000007fefcd80000 - 0x000007fefcd8c000 	C:\Windows\system32\VERSION.dll
0x0000000073690000 - 0x0000000073696000 	C:\Program Files\NVIDIA Corporation\CoProcManager\detoured.dll
0x000007fefb250000 - 0x000007fefb288000 	C:\Program Files\NVIDIA Corporation\CoProcManager\nvd3d9wrapx.dll
0x000007fefebc0000 - 0x000007fefed97000 	C:\Windows\system32\SETUPAPI.dll
0x000007fefcf00000 - 0x000007fefcf36000 	C:\Windows\system32\CFGMGR32.dll
0x000007feff290000 - 0x000007feff36a000 	C:\Windows\system32\OLEAUT32.dll
0x000007fefd0d0000 - 0x000007fefd0ea000 	C:\Windows\system32\DEVOBJ.dll
0x000007fefb220000 - 0x000007fefb244000 	C:\Program Files\NVIDIA Corporation\CoProcManager\nvdxgiwrapx.dll
0x0000000071180000 - 0x0000000071252000 	C:\Program Files\Android\Android Studio\jre\jre\bin\msvcr100.dll
0x000000005ea50000 - 0x000000005f28c000 	C:\Program Files\Android\Android Studio\jre\jre\bin\server\jvm.dll
0x000007fefa430000 - 0x000007fefa439000 	C:\Windows\system32\WSOCK32.dll
0x000007feff370000 - 0x000007feff3bd000 	C:\Windows\system32\WS2_32.dll
0x000007feff3c0000 - 0x000007feff3c8000 	C:\Windows\system32\NSI.dll
0x000007fefa700000 - 0x000007fefa73b000 	C:\Windows\system32\WINMM.dll
0x0000000077330000 - 0x0000000077337000 	C:\Windows\system32\PSAPI.DLL
0x000007fefa940000 - 0x000007fefa94f000 	C:\Program Files\Android\Android Studio\jre\jre\bin\verify.dll
0x000007fef8ac0000 - 0x000007fef8ae9000 	C:\Program Files\Android\Android Studio\jre\jre\bin\java.dll
0x000007fef8be0000 - 0x000007fef8bf6000 	C:\Program Files\Android\Android Studio\jre\jre\bin\zip.dll
0x000007fefa500000 - 0x000007fefa51a000 	C:\Program Files\Android\Android Studio\jre\jre\bin\net.dll
0x000007fefc5e0000 - 0x000007fefc635000 	C:\Windows\system32\mswsock.dll
0x000007fefc5d0000 - 0x000007fefc5d7000 	C:\Windows\System32\wship6.dll
0x000007fef8aa0000 - 0x000007fef8ab1000 	C:\Program Files\Android\Android Studio\jre\jre\bin\nio.dll
0x000007fefa810000 - 0x000007fefa82e000 	C:\Users\Neves\.gradle\native\23\windows-amd64\native-platform.dll
0x000007fefc640000 - 0x000007fefc658000 	C:\Windows\system32\CRYPTSP.dll
0x000007fefc340000 - 0x000007fefc387000 	C:\Windows\system32\rsaenh.dll
0x000007fefccb0000 - 0x000007fefccbf000 	C:\Windows\system32\CRYPTBASE.dll
0x000007fef98a0000 - 0x000007fef98c7000 	C:\Windows\system32\IPHLPAPI.DLL
0x000007fef9880000 - 0x000007fef988b000 	C:\Windows\system32\WINNSI.DLL
0x000007fef9690000 - 0x000007fef96a8000 	C:\Windows\system32\dhcpcsvc.DLL
0x000007fef9670000 - 0x000007fef9681000 	C:\Windows\system32\dhcpcsvc6.DLL
0x000007fefb190000 - 0x000007fefb19d000 	C:\Program Files\Android\Android Studio\jre\jre\bin\management.dll

VM Arguments:
jvm_args: -Xmx1536m -Dfile.encoding=windows-1252 -Duser.country=BR -Duser.language=pt -Duser.variant 
java_command: org.gradle.launcher.daemon.bootstrap.GradleDaemon 3.3
java_class_path (initial): C:\Users\Neves\.gradle\wrapper\dists\gradle-3.3-all\55gk2rcmfc6p2dg9u9ohc3hw9\gradle-3.3\lib\gradle-launcher-3.3.jar
Launcher Type: SUN_STANDARD

Environment Variables:
PATH=C:\Program Files (x86)\Intel\iCLS Client\;C:\Program Files\Intel\iCLS Client\;C:\Windows\system32;C:\Windows;C:\Windows\System32\Wbem;C:\Windows\System32\WindowsPowerShell\v1.0\;C:\Program Files (x86)\Intel\OpenCL SDK\2.0\bin\x86;C:\Program Files (x86)\Intel\OpenCL SDK\2.0\bin\x64;C:\Program Files (x86)\NVIDIA Corporation\PhysX\Common;C:\Program Files\Intel\Intel(R) Management Engine Components\DAL;C:\Program Files\Intel\Intel(R) Management Engine Components\IPT;C:\Program Files (x86)\Intel\Intel(R) Management Engine Components\DAL;C:\Program Files (x86)\Intel\Intel(R) Management Engine Components\IPT
USERNAME=Neves
OS=Windows_NT
PROCESSOR_IDENTIFIER=Intel64 Family 6 Model 58 Stepping 9, GenuineIntel



---------------  S Y S T E M  ---------------

OS: Windows 7 , 64 bit Build 7601 (6.1.7601.23807)

CPU:total 4 (2 cores per cpu, 2 threads per core) family 6 model 58 stepping 9, cmov, cx8, fxsr, mmx, sse, sse2, sse3, ssse3, sse4.1, sse4.2, popcnt, avx, aes, clmul, erms, ht, tsc, tscinvbit, tscinv

Memory: 4k page, physical 6188316k(818688k free), swap 6186456k(5496k free)

vm_info: OpenJDK 64-Bit Server VM (25.112-b06) for windows-amd64 JRE (1.8.0_112-release-b06), built on Dec  8 2016 00:54:26 by "builder" with MS VC++ 10.0 (VS2010)

time: Sat Jun 24 04:01:05 2017
elapsed time: 694 seconds (0d 0h 11m 34s)

