#
# There is insufficient memory for the Java Runtime Environment to continue.
# Native memory allocation (malloc) failed to allocate 1332928 bytes for Chunk::new
# Possible reasons:
#   The system is out of physical RAM or swap space
#   In 32 bit mode, the process size limit was hit
# Possible solutions:
#   Reduce memory load on the system
#   Increase physical memory or swap space
#   Check if swap backing store is full
#   Use 64 bit Java on a 64 bit OS
#   Decrease Java heap size (-Xmx/-Xms)
#   Decrease number of Java threads
#   Decrease Java thread stack sizes (-Xss)
#   Set larger code cache with -XX:ReservedCodeCacheSize=
# This output file may be truncated or incomplete.
#
#  Out of Memory Error (allocation.cpp:390), pid=6912, tid=0x000000000000014c
#
# JRE version: OpenJDK Runtime Environment (8.0_112-b06) (build 1.8.0_112-release-b06)
# Java VM: OpenJDK 64-Bit Server VM (25.112-b06 mixed mode windows-amd64 compressed oops)
# Failed to write core dump. Minidumps are not enabled by default on client versions of Windows
#

---------------  T H R E A D  ---------------

Current thread (0x0000000056448000):  JavaThread "C2 CompilerThread0" daemon [_thread_in_native, id=332, stack(0x0000000057d10000,0x0000000057e10000)]

Stack: [0x0000000057d10000,0x0000000057e10000]
[error occurred during error reporting (printing stack bounds), id 0xc0000005]

Native frames: (J=compiled Java code, j=interpreted, Vv=VM code, C=native code)


Current CompileTask:
C2: 116185 3253       4       groovy.lang.MetaClassImpl::checkIfStdMethod (178 bytes)


---------------  P R O C E S S  ---------------

Java Threads: ( => current thread )
  0x000000005b8b3800 JavaThread "File lock request listener" [_thread_in_native, id=1876, stack(0x000000005d6e0000,0x000000005d7e0000)]
  0x0000000059447000 JavaThread "Asynchronous log dispatcher for DefaultDaemonConnection: socket connection from /127.0.0.1:50326 to /127.0.0.1:50327" [_thread_blocked, id=4944, stack(0x000000005abb0000,0x000000005acb0000)]
  0x0000000058c15800 JavaThread "Daemon worker" [_thread_in_vm, id=7328, stack(0x000000005a050000,0x000000005a150000)]
  0x0000000058cd0000 JavaThread "Cancel handler" [_thread_blocked, id=5672, stack(0x000000005a900000,0x000000005aa00000)]
  0x000000005897c000 JavaThread "pool-1-thread-1" [_thread_blocked, id=5404, stack(0x000000005aa50000,0x000000005ab50000)]
  0x0000000057ee9800 JavaThread "Handler for socket connection from /127.0.0.1:50326 to /127.0.0.1:50327" [_thread_in_native, id=5708, stack(0x000000005a7f0000,0x000000005a8f0000)]
  0x0000000058fe4800 JavaThread "Daemon" [_thread_blocked, id=6244, stack(0x0000000058390000,0x0000000058490000)]
  0x0000000058ac0000 JavaThread "Incoming local TCP Connector on port 50326" [_thread_in_native, id=5816, stack(0x000000005a4b0000,0x000000005a5b0000)]
  0x0000000057e8e800 JavaThread "Service Thread" daemon [_thread_blocked, id=6384, stack(0x00000000584b0000,0x00000000585b0000)]
  0x0000000057e14800 JavaThread "C1 CompilerThread2" daemon [_thread_blocked, id=6760, stack(0x0000000058270000,0x0000000058370000)]
  0x000000005644b800 JavaThread "C2 CompilerThread1" daemon [_thread_in_native, id=2528, stack(0x0000000057c10000,0x0000000057d10000)]
=>0x0000000056448000 JavaThread "C2 CompilerThread0" daemon [_thread_in_native, id=332, stack(0x0000000057d10000,0x0000000057e10000)]
  0x0000000056442800 JavaThread "Attach Listener" daemon [_thread_blocked, id=7384, stack(0x0000000057ab0000,0x0000000057bb0000)]
  0x0000000056441000 JavaThread "Signal Dispatcher" daemon [_thread_blocked, id=5744, stack(0x0000000057930000,0x0000000057a30000)]
  0x0000000056427000 JavaThread "Finalizer" daemon [_thread_blocked, id=4884, stack(0x0000000057640000,0x0000000057740000)]
  0x00000000563e0000 JavaThread "Reference Handler" daemon [_thread_blocked, id=6544, stack(0x0000000057350000,0x0000000057450000)]
  0x000000000237d800 JavaThread "main" [_thread_blocked, id=3700, stack(0x00000000024c0000,0x00000000025c0000)]

Other Threads:
  0x00000000563d8800 VMThread [stack: 0x00000000574d0000,0x00000000575d0000] [id=7300]
  0x0000000057e83800 WatcherThread [stack: 0x0000000058730000,0x0000000058830000] [id=7500]

VM state:not at safepoint (normal execution)

VM Mutex/Monitor currently owned by a thread: None

Heap:
 PSYoungGen      total 42496K, used 28984K [0x00000000e0000000, 0x00000000e3500000, 0x0000000100000000)
  eden space 33792K, 80% used [0x00000000e0000000,0x00000000e1a96298,0x00000000e2100000)
  from space 8704K, 20% used [0x00000000e2a00000,0x00000000e2bb8010,0x00000000e3280000)
  to   space 9216K, 0% used [0x00000000e2100000,0x00000000e2100000,0x00000000e2a00000)
 ParOldGen       total 37376K, used 12152K [0x00000000a0000000, 0x00000000a2480000, 0x00000000e0000000)
  object space 37376K, 32% used [0x00000000a0000000,0x00000000a0bde328,0x00000000a2480000)
 Metaspace       used 30329K, capacity 30932K, committed 31232K, reserved 1077248K
  class space    used 4141K, capacity 4286K, committed 4352K, reserved 1048576K

Card table byte_map: [0x0000000011c50000,0x0000000011f60000] byte_map_base: 0x0000000011750000

Marking Bits: (ParMarkBitMap*) 0x00000000601b18f0
 Begin Bits: [0x0000000012750000, 0x0000000013f50000)
 End Bits:   [0x0000000013f50000, 0x0000000015750000)

Polling page: 0x0000000000440000

CodeCache: size=245760Kb used=12034Kb max_used=12034Kb free=233725Kb
 bounds [0x0000000002890000, 0x0000000003460000, 0x0000000011890000]
 total_blobs=3682 nmethods=3016 adapters=578
 compilation: enabled

Compilation events (10 events):
Event: 116.128 Thread 0x0000000057e14800 3274       3       java.lang.Class::getConstructor (16 bytes)
Event: 116.128 Thread 0x0000000057e14800 nmethod 3274 0x0000000003458150 code [0x00000000034582e0, 0x00000000034584e8]
Event: 116.128 Thread 0x0000000057e14800 3275   !   3       java.lang.reflect.Proxy::newProxyInstance (174 bytes)
Event: 116.132 Thread 0x0000000057e14800 nmethod 3275 0x00000000034585d0 code [0x0000000003458900, 0x0000000003459f88]
Event: 116.133 Thread 0x0000000057e14800 3276       3       java.lang.reflect.WeakCache$CacheKey::valueOf (20 bytes)
Event: 116.134 Thread 0x0000000057e14800 nmethod 3276 0x000000000345ad50 code [0x000000000345aee0, 0x000000000345b328]
Event: 116.134 Thread 0x0000000057e14800 3277       3       java.lang.reflect.Proxy$KeyFactory::apply (13 bytes)
Event: 116.135 Thread 0x0000000057e14800 nmethod 3277 0x000000000345b510 code [0x000000000345b680, 0x000000000345ba48]
Event: 116.136 Thread 0x0000000057e14800 3278       3       java.lang.reflect.Proxy$Key1::<init> (14 bytes)
Event: 116.137 Thread 0x0000000057e14800 nmethod 3278 0x000000000345bb10 code [0x000000000345bca0, 0x000000000345c0a8]

GC Heap History (10 events):
Event: 72.240 GC heap before
{Heap before GC invocations=7 (full 1):
 PSYoungGen      total 28160K, used 24064K [0x00000000e0000000, 0x00000000e2980000, 0x0000000100000000)
  eden space 24064K, 100% used [0x00000000e0000000,0x00000000e1780000,0x00000000e1780000)
  from space 4096K, 0% used [0x00000000e1800000,0x00000000e1800000,0x00000000e1c00000)
  to   space 9216K, 0% used [0x00000000e2080000,0x00000000e2080000,0x00000000e2980000)
 ParOldGen       total 37376K, used 8383K [0x00000000a0000000, 0x00000000a2480000, 0x00000000e0000000)
  object space 37376K, 22% used [0x00000000a0000000,0x00000000a082ff98,0x00000000a2480000)
 Metaspace       used 22899K, capacity 23320K, committed 23552K, reserved 1069056K
  class space    used 3043K, capacity 3214K, committed 3328K, reserved 1048576K
Event: 72.257 GC heap after
Heap after GC invocations=7 (full 1):
 PSYoungGen      total 32768K, used 2497K [0x00000000e0000000, 0x00000000e2a00000, 0x0000000100000000)
  eden space 23552K, 0% used [0x00000000e0000000,0x00000000e0000000,0x00000000e1700000)
  from space 9216K, 27% used [0x00000000e2080000,0x00000000e22f05e0,0x00000000e2980000)
  to   space 9728K, 0% used [0x00000000e1700000,0x00000000e1700000,0x00000000e2080000)
 ParOldGen       total 37376K, used 8391K [0x00000000a0000000, 0x00000000a2480000, 0x00000000e0000000)
  object space 37376K, 22% used [0x00000000a0000000,0x00000000a0831f98,0x00000000a2480000)
 Metaspace       used 22899K, capacity 23320K, committed 23552K, reserved 1069056K
  class space    used 3043K, capacity 3214K, committed 3328K, reserved 1048576K
}
Event: 77.631 GC heap before
{Heap before GC invocations=8 (full 1):
 PSYoungGen      total 32768K, used 26049K [0x00000000e0000000, 0x00000000e2a00000, 0x0000000100000000)
  eden space 23552K, 100% used [0x00000000e0000000,0x00000000e1700000,0x00000000e1700000)
  from space 9216K, 27% used [0x00000000e2080000,0x00000000e22f05e0,0x00000000e2980000)
  to   space 9728K, 0% used [0x00000000e1700000,0x00000000e1700000,0x00000000e2080000)
 ParOldGen       total 37376K, used 8391K [0x00000000a0000000, 0x00000000a2480000, 0x00000000e0000000)
  object space 37376K, 22% used [0x00000000a0000000,0x00000000a0831f98,0x00000000a2480000)
 Metaspace       used 24593K, capacity 25004K, committed 25344K, reserved 1071104K
  class space    used 3334K, capacity 3492K, committed 3584K, reserved 1048576K
Event: 77.677 GC heap after
Heap after GC invocations=8 (full 1):
 PSYoungGen      total 27136K, used 3690K [0x00000000e0000000, 0x00000000e2880000, 0x0000000100000000)
  eden space 23040K, 0% used [0x00000000e0000000,0x00000000e0000000,0x00000000e1680000)
  from space 4096K, 90% used [0x00000000e1700000,0x00000000e1a9ab60,0x00000000e1b00000)
  to   space 9216K, 0% used [0x00000000e1f80000,0x00000000e1f80000,0x00000000e2880000)
 ParOldGen       total 37376K, used 8391K [0x00000000a0000000, 0x00000000a2480000, 0x00000000e0000000)
  object space 37376K, 22% used [0x00000000a0000000,0x00000000a0831f98,0x00000000a2480000)
 Metaspace       used 24593K, capacity 25004K, committed 25344K, reserved 1071104K
  class space    used 3334K, capacity 3492K, committed 3584K, reserved 1048576K
}
Event: 80.383 GC heap before
{Heap before GC invocations=9 (full 1):
 PSYoungGen      total 27136K, used 26730K [0x00000000e0000000, 0x00000000e2880000, 0x0000000100000000)
  eden space 23040K, 100% used [0x00000000e0000000,0x00000000e1680000,0x00000000e1680000)
  from space 4096K, 90% used [0x00000000e1700000,0x00000000e1a9ab60,0x00000000e1b00000)
  to   space 9216K, 0% used [0x00000000e1f80000,0x00000000e1f80000,0x00000000e2880000)
 ParOldGen       total 37376K, used 8391K [0x00000000a0000000, 0x00000000a2480000, 0x00000000e0000000)
  object space 37376K, 22% used [0x00000000a0000000,0x00000000a0831f98,0x00000000a2480000)
 Metaspace       used 26551K, capacity 27090K, committed 27136K, reserved 1073152K
  class space    used 3664K, capacity 3820K, committed 3840K, reserved 1048576K
Event: 80.458 GC heap after
Heap after GC invocations=9 (full 1):
 PSYoungGen      total 32256K, used 5841K [0x00000000e0000000, 0x00000000e3a00000, 0x0000000100000000)
  eden space 23040K, 0% used [0x00000000e0000000,0x00000000e0000000,0x00000000e1680000)
  from space 9216K, 63% used [0x00000000e1f80000,0x00000000e25344d0,0x00000000e2880000)
  to   space 9216K, 0% used [0x00000000e1680000,0x00000000e1680000,0x00000000e1f80000)
 ParOldGen       total 37376K, used 8399K [0x00000000a0000000, 0x00000000a2480000, 0x00000000e0000000)
  object space 37376K, 22% used [0x00000000a0000000,0x00000000a0833f98,0x00000000a2480000)
 Metaspace       used 26551K, capacity 27090K, committed 27136K, reserved 1073152K
  class space    used 3664K, capacity 3820K, committed 3840K, reserved 1048576K
}
Event: 83.607 GC heap before
{Heap before GC invocations=10 (full 1):
 PSYoungGen      total 32256K, used 28881K [0x00000000e0000000, 0x00000000e3a00000, 0x0000000100000000)
  eden space 23040K, 100% used [0x00000000e0000000,0x00000000e1680000,0x00000000e1680000)
  from space 9216K, 63% used [0x00000000e1f80000,0x00000000e25344d0,0x00000000e2880000)
  to   space 9216K, 0% used [0x00000000e1680000,0x00000000e1680000,0x00000000e1f80000)
 ParOldGen       total 37376K, used 8399K [0x00000000a0000000, 0x00000000a2480000, 0x00000000e0000000)
  object space 37376K, 22% used [0x00000000a0000000,0x00000000a0833f98,0x00000000a2480000)
 Metaspace       used 27852K, capacity 28478K, committed 28672K, reserved 1073152K
  class space    used 3894K, capacity 4088K, committed 4096K, reserved 1048576K
Event: 83.689 GC heap after
Heap after GC invocations=10 (full 1):
 PSYoungGen      total 32256K, used 4833K [0x00000000e0000000, 0x00000000e3280000, 0x0000000100000000)
  eden space 23040K, 0% used [0x00000000e0000000,0x00000000e0000000,0x00000000e1680000)
  from space 9216K, 52% used [0x00000000e1680000,0x00000000e1b38608,0x00000000e1f80000)
  to   space 8704K, 0% used [0x00000000e2a00000,0x00000000e2a00000,0x00000000e3280000)
 ParOldGen       total 37376K, used 9384K [0x00000000a0000000, 0x00000000a2480000, 0x00000000e0000000)
  object space 37376K, 25% used [0x00000000a0000000,0x00000000a092a2e8,0x00000000a2480000)
 Metaspace       used 27852K, capacity 28478K, committed 28672K, reserved 1073152K
  class space    used 3894K, capacity 4088K, committed 4096K, reserved 1048576K
}
Event: 93.373 GC heap before
{Heap before GC invocations=11 (full 1):
 PSYoungGen      total 32256K, used 27873K [0x00000000e0000000, 0x00000000e3280000, 0x0000000100000000)
  eden space 23040K, 100% used [0x00000000e0000000,0x00000000e1680000,0x00000000e1680000)
  from space 9216K, 52% used [0x00000000e1680000,0x00000000e1b38608,0x00000000e1f80000)
  to   space 8704K, 0% used [0x00000000e2a00000,0x00000000e2a00000,0x00000000e3280000)
 ParOldGen       total 37376K, used 9384K [0x00000000a0000000, 0x00000000a2480000, 0x00000000e0000000)
  object space 37376K, 25% used [0x00000000a0000000,0x00000000a092a2e8,0x00000000a2480000)
 Metaspace       used 29734K, capacity 30302K, committed 30464K, reserved 1075200K
  class space    used 4072K, capacity 4248K, committed 4352K, reserved 1048576K
Event: 94.714 GC heap after
Heap after GC invocations=11 (full 1):
 PSYoungGen      total 42496K, used 1760K [0x00000000e0000000, 0x00000000e3500000, 0x0000000100000000)
  eden space 33792K, 0% used [0x00000000e0000000,0x00000000e0000000,0x00000000e2100000)
  from space 8704K, 20% used [0x00000000e2a00000,0x00000000e2bb8010,0x00000000e3280000)
  to   space 9216K, 0% used [0x00000000e2100000,0x00000000e2100000,0x00000000e2a00000)
 ParOldGen       total 37376K, used 12152K [0x00000000a0000000, 0x00000000a2480000, 0x00000000e0000000)
  object space 37376K, 32% used [0x00000000a0000000,0x00000000a0bde328,0x00000000a2480000)
 Metaspace       used 29734K, capacity 30302K, committed 30464K, reserved 1075200K
  class space    used 4072K, capacity 4248K, committed 4352K, reserved 1048576K
}

Deoptimization events (10 events):
Event: 92.956 Thread 0x0000000058c15800 Uncommon trap: reason=unstable_if action=reinterpret pc=0x00000000032b3480 method=com.sun.org.apache.xerces.internal.impl.XMLEntityScanner.peekChar()I @ 51
Event: 92.956 Thread 0x0000000058c15800 Uncommon trap: reason=unstable_if action=reinterpret pc=0x000000000327843c method=com.sun.org.apache.xerces.internal.impl.XMLEntityScanner.scanContent(Lcom/sun/org/apache/xerces/internal/xni/XMLString;)I @ 124
Event: 92.956 Thread 0x0000000058c15800 Uncommon trap: reason=unstable_if action=reinterpret pc=0x0000000003258c5c method=com.sun.org.apache.xerces.internal.impl.XMLEntityScanner.peekChar()I @ 51
Event: 92.959 Thread 0x0000000058c15800 Uncommon trap: reason=unstable_if action=reinterpret pc=0x0000000003276d48 method=com.sun.org.apache.xerces.internal.impl.XMLEntityScanner.skipSpaces()Z @ 75
Event: 93.093 Thread 0x0000000058c15800 Uncommon trap: reason=unstable_if action=reinterpret pc=0x000000000330ed60 method=com.sun.org.apache.xerces.internal.impl.XMLEntityScanner.scanData(Ljava/lang/String;Lcom/sun/org/apache/xerces/internal/util/XMLStringBuffer;)Z @ 326
Event: 93.094 Thread 0x0000000058c15800 Uncommon trap: reason=unstable_if action=reinterpret pc=0x0000000003304eb8 method=com.sun.org.apache.xerces.internal.impl.XMLEntityScanner.scanData(Ljava/lang/String;Lcom/sun/org/apache/xerces/internal/util/XMLStringBuffer;)Z @ 888
Event: 93.213 Thread 0x0000000058c15800 Uncommon trap: reason=unstable_if action=reinterpret pc=0x000000000329ebe4 method=com.sun.org.apache.xerces.internal.impl.XMLEntityScanner.scanName()Ljava/lang/String; @ 205
Event: 95.619 Thread 0x0000000058c15800 Uncommon trap: reason=unstable_if action=reinterpret pc=0x00000000032a5ee0 method=com.sun.org.apache.xerces.internal.impl.io.UTF8Reader.read([CII)I @ 131
Event: 96.755 Thread 0x0000000058c15800 Uncommon trap: reason=unstable_if action=reinterpret pc=0x000000000337d740 method=com.sun.org.apache.xerces.internal.impl.XMLEntityScanner.scanName()Ljava/lang/String; @ 69
Event: 97.434 Thread 0x0000000058c15800 Uncommon trap: reason=unstable_if action=reinterpret pc=0x000000000335ae70 method=com.sun.org.apache.xerces.internal.impl.XMLDocumentFragmentScannerImpl$FragmentContentDriver.next()I @ 815

Internal exceptions (10 events):
Event: 115.273 Thread 0x0000000058c15800 Exception <a 'java/lang/ClassNotFoundException': build_47a6wr6usrife44ht1q6fj1n4Customizer> (0x00000000e15ec8e8) thrown at [C:\src\android\AOSP-openjdk\external\jetbrains\jdk\hotspot\src\share\vm\classfile\systemDictionary.cpp, line 210]
Event: 116.068 Thread 0x0000000058c15800 Exception <a 'java/lang/ClassNotFoundException': org/gradle/api/tasks/Delete_DecoratedBeanInfo> (0x00000000e1865c20) thrown at [C:\src\android\AOSP-openjdk\external\jetbrains\jdk\hotspot\src\share\vm\classfile\systemDictionary.cpp, line 210]
Event: 116.072 Thread 0x0000000058c15800 Exception <a 'java/lang/ClassNotFoundException': org/gradle/api/tasks/DeleteBeanInfo> (0x00000000e1885cd0) thrown at [C:\src\android\AOSP-openjdk\external\jetbrains\jdk\hotspot\src\share\vm\classfile\systemDictionary.cpp, line 210]
Event: 116.075 Thread 0x0000000058c15800 Exception <a 'java/lang/ClassNotFoundException': org/gradle/api/internal/ConventionTaskBeanInfo> (0x00000000e18aa400) thrown at [C:\src\android\AOSP-openjdk\external\jetbrains\jdk\hotspot\src\share\vm\classfile\systemDictionary.cpp, line 210]
Event: 116.077 Thread 0x0000000058c15800 Exception <a 'java/lang/ClassNotFoundException': org/gradle/api/DefaultTaskBeanInfo> (0x00000000e18c8e98) thrown at [C:\src\android\AOSP-openjdk\external\jetbrains\jdk\hotspot\src\share\vm\classfile\systemDictionary.cpp, line 210]
Event: 116.081 Thread 0x0000000058c15800 Exception <a 'java/lang/ClassNotFoundException': org/gradle/api/internal/AbstractTaskBeanInfo> (0x00000000e18ed6c0) thrown at [C:\src\android\AOSP-openjdk\external\jetbrains\jdk\hotspot\src\share\vm\classfile\systemDictionary.cpp, line 210]
Event: 116.086 Thread 0x0000000058c15800 Exception <a 'java/lang/ClassNotFoundException': org/gradle/api/internal/AbstractTaskCustomizer> (0x00000000e1912910) thrown at [C:\src\android\AOSP-openjdk\external\jetbrains\jdk\hotspot\src\share\vm\classfile\systemDictionary.cpp, line 210]
Event: 116.106 Thread 0x0000000058c15800 Exception <a 'java/lang/ClassNotFoundException': org/gradle/api/DefaultTaskCustomizer> (0x00000000e1990450) thrown at [C:\src\android\AOSP-openjdk\external\jetbrains\jdk\hotspot\src\share\vm\classfile\systemDictionary.cpp, line 210]
Event: 116.109 Thread 0x0000000058c15800 Exception <a 'java/lang/ClassNotFoundException': org/gradle/api/internal/ConventionTaskCustomizer> (0x00000000e19c45e8) thrown at [C:\src\android\AOSP-openjdk\external\jetbrains\jdk\hotspot\src\share\vm\classfile\systemDictionary.cpp, line 210]
Event: 116.126 Thread 0x0000000058c15800 Exception <a 'java/lang/ClassNotFoundException': org/gradle/api/tasks/DeleteCustomizer> (0x00000000e19f69b0) thrown at [C:\src\android\AOSP-openjdk\external\jetbrains\jdk\hotspot\src\share\vm\classfile\systemDictionary.cpp, line 210]

Events (10 events):
Event: 116.108 loading class org/gradle/api/internal/ConventionTaskCustomizer
Event: 116.108 loading class org/gradle/api/internal/ConventionTaskCustomizer done
Event: 116.122 loading class org/gradle/api/tasks/DeleteCustomizer
Event: 116.122 loading class org/gradle/api/tasks/DeleteCustomizer done
Event: 116.122 loading class org/gradle/api/tasks/DeleteCustomizer
Event: 116.122 loading class org/gradle/api/tasks/DeleteCustomizer done
Event: 116.122 loading class org/gradle/api/tasks/DeleteCustomizer
Event: 116.122 loading class org/gradle/api/tasks/DeleteCustomizer done
Event: 116.125 loading class org/gradle/api/tasks/DeleteCustomizer
Event: 116.125 loading class org/gradle/api/tasks/DeleteCustomizer done


Dynamic libraries:
0x000000013f2b0000 - 0x000000013f2e1000 	C:\Program Files\Android\Android Studio\jre\bin\java.exe
0x0000000077900000 - 0x0000000077aaa000 	C:\Windows\SYSTEM32\ntdll.dll
0x00000000777e0000 - 0x00000000778ff000 	C:\Windows\system32\kernel32.dll
0x000007fefd900000 - 0x000007fefd96a000 	C:\Windows\system32\KERNELBASE.dll
0x000007feff7f0000 - 0x000007feff8cb000 	C:\Windows\system32\ADVAPI32.dll
0x000007fefde80000 - 0x000007fefdf1f000 	C:\Windows\system32\msvcrt.dll
0x000007feff0c0000 - 0x000007feff0df000 	C:\Windows\SYSTEM32\sechost.dll
0x000007feff4e0000 - 0x000007feff60d000 	C:\Windows\system32\RPCRT4.dll
0x00000000776e0000 - 0x00000000777da000 	C:\Windows\system32\USER32.dll
0x000007feffba0000 - 0x000007feffc07000 	C:\Windows\system32\GDI32.dll
0x000007feff9b0000 - 0x000007feff9be000 	C:\Windows\system32\LPK.dll
0x000007fefeff0000 - 0x000007feff0bb000 	C:\Windows\system32\USP10.dll
0x000007fefbdf0000 - 0x000007fefbfe4000 	C:\Windows\WinSxS\amd64_microsoft.windows.common-controls_6595b64144ccf1df_6.0.7601.18837_none_fa3b1e3d17594757\COMCTL32.dll
0x000007fefdf20000 - 0x000007fefdf91000 	C:\Windows\system32\SHLWAPI.dll
0x000007fefd3f0000 - 0x000007fefd447000 	C:\Windows\system32\apphelp.dll
0x000007fef0ce0000 - 0x000007fef0d31000 	C:\Windows\AppPatch\AppPatch64\AcGenral.DLL
0x000007fefd240000 - 0x000007fefd265000 	C:\Windows\system32\SspiCli.dll
0x000007fefedf0000 - 0x000007fefefec000 	C:\Windows\system32\ole32.dll
0x000007fefdfa0000 - 0x000007fefed2b000 	C:\Windows\system32\SHELL32.dll
0x0000000072eb0000 - 0x0000000072eb3000 	C:\Windows\system32\sfc.dll
0x000007fef5700000 - 0x000007fef5710000 	C:\Windows\system32\sfc_os.DLL
0x000007fefd750000 - 0x000007fefd76e000 	C:\Windows\system32\USERENV.dll
0x000007fefd5f0000 - 0x000007fefd5ff000 	C:\Windows\system32\profapi.dll
0x000007fefb420000 - 0x000007fefb438000 	C:\Windows\system32\dwmapi.dll
0x000007fef9420000 - 0x000007fef9438000 	C:\Windows\system32\MPR.dll
0x000007feff9c0000 - 0x000007feff9ee000 	C:\Windows\system32\IMM32.DLL
0x000007feff9f0000 - 0x000007feffaf9000 	C:\Windows\system32\MSCTF.dll
0x000007fefd530000 - 0x000007fefd560000 	C:\Windows\system32\nvinitx.dll
0x000007fefd520000 - 0x000007fefd52c000 	C:\Windows\system32\VERSION.dll
0x0000000073b90000 - 0x0000000073b96000 	C:\Program Files\NVIDIA Corporation\CoProcManager\detoured.dll
0x000007fefb780000 - 0x000007fefb7b8000 	C:\Program Files\NVIDIA Corporation\CoProcManager\nvd3d9wrapx.dll
0x000007feff610000 - 0x000007feff7e7000 	C:\Windows\system32\SETUPAPI.dll
0x000007fefd6c0000 - 0x000007fefd6f6000 	C:\Windows\system32\CFGMGR32.dll
0x000007feff8d0000 - 0x000007feff9aa000 	C:\Windows\system32\OLEAUT32.dll
0x000007fefd990000 - 0x000007fefd9aa000 	C:\Windows\system32\DEVOBJ.dll
0x000007fefb6c0000 - 0x000007fefb6e4000 	C:\Program Files\NVIDIA Corporation\CoProcManager\nvdxgiwrapx.dll
0x00000000704a0000 - 0x0000000070572000 	C:\Program Files\Android\Android Studio\jre\jre\bin\msvcr100.dll
0x000000005f9f0000 - 0x000000006022c000 	C:\Program Files\Android\Android Studio\jre\jre\bin\server\jvm.dll
0x000007fef3340000 - 0x000007fef3349000 	C:\Windows\system32\WSOCK32.dll
0x000007feff430000 - 0x000007feff47d000 	C:\Windows\system32\WS2_32.dll
0x000007fefdce0000 - 0x000007fefdce8000 	C:\Windows\system32\NSI.dll
0x000007fefb0b0000 - 0x000007fefb0eb000 	C:\Windows\system32\WINMM.dll
0x0000000077ad0000 - 0x0000000077ad7000 	C:\Windows\system32\PSAPI.DLL
0x000007fef8d50000 - 0x000007fef8d5f000 	C:\Program Files\Android\Android Studio\jre\jre\bin\verify.dll
0x000007fef1330000 - 0x000007fef1359000 	C:\Program Files\Android\Android Studio\jre\jre\bin\java.dll
0x000007fef1590000 - 0x000007fef15a6000 	C:\Program Files\Android\Android Studio\jre\jre\bin\zip.dll
0x000007fef19b0000 - 0x000007fef19ca000 	C:\Program Files\Android\Android Studio\jre\jre\bin\net.dll
0x000007fefcd80000 - 0x000007fefcdd5000 	C:\Windows\system32\mswsock.dll
0x000007fefcd70000 - 0x000007fefcd77000 	C:\Windows\System32\wship6.dll
0x000007fef1570000 - 0x000007fef1581000 	C:\Program Files\Android\Android Studio\jre\jre\bin\nio.dll
0x000007feee960000 - 0x000007feee97e000 	C:\Users\Neves\.gradle\native\23\windows-amd64\native-platform.dll
0x000007fefcde0000 - 0x000007fefcdf8000 	C:\Windows\system32\CRYPTSP.dll
0x000007fefcaa0000 - 0x000007fefcae7000 	C:\Windows\system32\rsaenh.dll
0x000007fefd450000 - 0x000007fefd45f000 	C:\Windows\system32\CRYPTBASE.dll
0x000007fefa100000 - 0x000007fefa127000 	C:\Windows\system32\IPHLPAPI.DLL
0x000007fefa0f0000 - 0x000007fefa0fb000 	C:\Windows\system32\WINNSI.DLL
0x000007fef9d50000 - 0x000007fef9d68000 	C:\Windows\system32\dhcpcsvc.DLL
0x000007fef9d30000 - 0x000007fef9d41000 	C:\Windows\system32\dhcpcsvc6.DLL
0x000007fef8d60000 - 0x000007fef8d6d000 	C:\Program Files\Android\Android Studio\jre\jre\bin\management.dll

VM Arguments:
jvm_args: -Xmx1536m -Dfile.encoding=windows-1252 -Duser.country=BR -Duser.language=pt -Duser.variant 
java_command: org.gradle.launcher.daemon.bootstrap.GradleDaemon 3.3
java_class_path (initial): C:\Users\Neves\.gradle\wrapper\dists\gradle-3.3-all\55gk2rcmfc6p2dg9u9ohc3hw9\gradle-3.3\lib\gradle-launcher-3.3.jar
Launcher Type: SUN_STANDARD

Environment Variables:
PATH=C:\Program Files (x86)\Intel\iCLS Client\;C:\Program Files\Intel\iCLS Client\;C:\Windows\system32;C:\Windows;C:\Windows\System32\Wbem;C:\Windows\System32\WindowsPowerShell\v1.0\;C:\Program Files (x86)\Intel\OpenCL SDK\2.0\bin\x86;C:\Program Files (x86)\Intel\OpenCL SDK\2.0\bin\x64;C:\Program Files (x86)\NVIDIA Corporation\PhysX\Common;C:\Program Files\Intel\Intel(R) Management Engine Components\DAL;C:\Program Files\Intel\Intel(R) Management Engine Components\IPT;C:\Program Files (x86)\Intel\Intel(R) Management Engine Components\DAL;C:\Program Files (x86)\Intel\Intel(R) Management Engine Components\IPT
USERNAME=Neves
OS=Windows_NT
PROCESSOR_IDENTIFIER=Intel64 Family 6 Model 58 Stepping 9, GenuineIntel



---------------  S Y S T E M  ---------------

OS: Windows 7 , 64 bit Build 7601 (6.1.7601.23807)

CPU:total 4 (2 cores per cpu, 2 threads per core) family 6 model 58 stepping 9, cmov, cx8, fxsr, mmx, sse, sse2, sse3, ssse3, sse4.1, sse4.2, popcnt, avx, aes, clmul, erms, ht, tsc, tscinvbit, tscinv

Memory: 4k page, physical 6188316k(702424k free), swap 6186456k(7136k free)

vm_info: OpenJDK 64-Bit Server VM (25.112-b06) for windows-amd64 JRE (1.8.0_112-release-b06), built on Dec  8 2016 00:54:26 by "builder" with MS VC++ 10.0 (VS2010)

time: Tue Jun 27 17:39:02 2017
elapsed time: 116 seconds (0d 0h 1m 56s)

